/tmp/tmpzg2uygxm/student/zaj3Vector/fraction.cpp:37:9: warning: Local variable 'numerator' shadows outer function [shadowFunction]
    int numerator = fraction.numerator();
        ^
/tmp/tmpzg2uygxm/student/zaj3Vector/fraction.h:58:24: note: Shadowed declaration
    [[nodiscard]] auto numerator() const { return numerator_; };
                       ^
/tmp/tmpzg2uygxm/student/zaj3Vector/fraction.cpp:37:9: note: Shadow variable
    int numerator = fraction.numerator();
        ^
/tmp/tmpzg2uygxm/student/zaj3Vector/fraction.cpp:38:9: warning: Local variable 'denominator' shadows outer function [shadowFunction]
    int denominator = fraction.denominator();
        ^
/tmp/tmpzg2uygxm/student/zaj3Vector/fraction.h:56:24: note: Shadowed declaration
    [[nodiscard]] auto denominator() const { return denominator_; };
                       ^
/tmp/tmpzg2uygxm/student/zaj3Vector/fraction.cpp:38:9: note: Shadow variable
    int denominator = fraction.denominator();
        ^
/tmp/tmpzg2uygxm/student/zaj3Vector/vector.cpp:34:12: warning: Local variable 'capacity' shadows outer function [shadowFunction]
    size_t capacity = vector.capacity_;
           ^
/tmp/tmpzg2uygxm/student/zaj3Vector/vector.h:89:31: note: Shadowed declaration
    [[nodiscard]] std::size_t capacity() const { return capacity_; };
                              ^
/tmp/tmpzg2uygxm/student/zaj3Vector/vector.cpp:34:12: note: Shadow variable
    size_t capacity = vector.capacity_;
           ^
/tmp/tmpzg2uygxm/student/zaj3Vector/fraction.cpp:25:0: warning: The function 'setDenominator' is never used. [unusedFunction]
void Fraction::setDenominator(int denominator) {
^
/tmp/tmpzg2uygxm/student/zaj3Vector/fraction.cpp:32:0: warning: The function 'setNumerator' is never used. [unusedFunction]
void Fraction::setNumerator(int numerator) {
^
/tmp/tmpzg2uygxm/student/zaj3Vector/vector.cpp:49:0: warning: The function 'push_back' is never used. [unusedFunction]
void Vector::push_back(const Fraction &fraction) noexcept {
^
