[ 11%] Building CXX object tests/lib/googletest/CMakeFiles/gtest.dir/src/gtest-all.cc.o
[ 22%] Linking CXX static library ../../../lib/libgtest.a
[ 22%] Built target gtest
[ 33%] Building CXX object tests/lib/googletest/CMakeFiles/gtest_main.dir/src/gtest_main.cc.o
[ 44%] Linking CXX static library ../../../lib/libgtest_main.a
[ 44%] Built target gtest_main
[ 55%] Building CXX object tests/CMakeFiles/tests.dir/fractionTests.cpp.o
[ 66%] Building CXX object tests/CMakeFiles/tests.dir/__/fraction.cpp.o
[ 77%] Building CXX object tests/CMakeFiles/tests.dir/vectorTests.cpp.o
[ 88%] Building CXX object tests/CMakeFiles/tests.dir/__/vector.cpp.o
In file included from /tmp/tmpzg2uygxm/student/zaj3Vector/fraction.cpp:5:
/tmp/tmpzg2uygxm/student/zaj3Vector/fraction.h:46:2: warning: #warning is a GCC extension
   46 | #warning "Klasa jest do zaimplementowania. Instrukcja w pliku naglowkowym"
      |  ^~~~~~~
/tmp/tmpzg2uygxm/student/zaj3Vector/fraction.h:46:2: warning: #warning "Klasa jest do zaimplementowania. Instrukcja w pliku naglowkowym" [-Wcpp]
/tmp/tmpzg2uygxm/student/zaj3Vector/fraction.cpp:8:6: warning: #warning is a GCC extension
    8 |     #warning "Klasa jest do zaimplementowania. Instrukcja w pliku naglowkowym"
      |      ^~~~~~~
/tmp/tmpzg2uygxm/student/zaj3Vector/fraction.cpp:8:6: warning: #warning "Klasa jest do zaimplementowania. Instrukcja w pliku naglowkowym" [-Wcpp]
In file included from /tmp/tmpzg2uygxm/student/zaj3Vector/vector.h:66,
                 from /tmp/tmpzg2uygxm/student/zaj3Vector/vector.cpp:7:
/tmp/tmpzg2uygxm/student/zaj3Vector/fraction.h:46:2: warning: #warning is a GCC extension
   46 | #warning "Klasa jest do zaimplementowania. Instrukcja w pliku naglowkowym"
      |  ^~~~~~~
/tmp/tmpzg2uygxm/student/zaj3Vector/fraction.h:46:2: warning: #warning "Klasa jest do zaimplementowania. Instrukcja w pliku naglowkowym" [-Wcpp]
In file included from /tmp/tmpzg2uygxm/student/zaj3Vector/vector.cpp:7:
/tmp/tmpzg2uygxm/student/zaj3Vector/vector.h:72:2: warning: #warning is a GCC extension
   72 | #warning "Klasa jest do zaimplementowania. Instrukcja w pliku naglowkowym"
      |  ^~~~~~~
/tmp/tmpzg2uygxm/student/zaj3Vector/vector.h:72:2: warning: #warning "Klasa jest do zaimplementowania. Instrukcja w pliku naglowkowym" [-Wcpp]
/tmp/tmpzg2uygxm/student/zaj3Vector/vector.cpp:10:6: warning: #warning is a GCC extension
   10 |     #warning "Klasa jest do zaimplementowania. Instrukcja w pliku naglowkowym"
      |      ^~~~~~~
/tmp/tmpzg2uygxm/student/zaj3Vector/vector.cpp:10:6: warning: #warning "Klasa jest do zaimplementowania. Instrukcja w pliku naglowkowym" [-Wcpp]
In file included from /tmp/tmpzg2uygxm/student/zaj3Vector/tests/fractionTests.cpp:6:
/tmp/tmpzg2uygxm/student/zaj3Vector/tests/../fraction.h:46:2: warning: #warning is a GCC extension
   46 | #warning "Klasa jest do zaimplementowania. Instrukcja w pliku naglowkowym"
      |  ^~~~~~~
/tmp/tmpzg2uygxm/student/zaj3Vector/tests/../fraction.h:46:2: warning: #warning "Klasa jest do zaimplementowania. Instrukcja w pliku naglowkowym" [-Wcpp]
In file included from /tmp/tmpzg2uygxm/student/zaj3Vector/tests/../vector.h:66,
                 from /tmp/tmpzg2uygxm/student/zaj3Vector/tests/vectorTests.cpp:4:
/tmp/tmpzg2uygxm/student/zaj3Vector/tests/../fraction.h:46:2: warning: #warning is a GCC extension
   46 | #warning "Klasa jest do zaimplementowania. Instrukcja w pliku naglowkowym"
      |  ^~~~~~~
/tmp/tmpzg2uygxm/student/zaj3Vector/tests/../fraction.h:46:2: warning: #warning "Klasa jest do zaimplementowania. Instrukcja w pliku naglowkowym" [-Wcpp]
In file included from /tmp/tmpzg2uygxm/student/zaj3Vector/tests/vectorTests.cpp:4:
/tmp/tmpzg2uygxm/student/zaj3Vector/tests/../vector.h:72:2: warning: #warning is a GCC extension
   72 | #warning "Klasa jest do zaimplementowania. Instrukcja w pliku naglowkowym"
      |  ^~~~~~~
/tmp/tmpzg2uygxm/student/zaj3Vector/tests/../vector.h:72:2: warning: #warning "Klasa jest do zaimplementowania. Instrukcja w pliku naglowkowym" [-Wcpp]
[100%] Linking CXX executable ../bin/tests
[100%] Built target tests
