-- The C compiler identification is GNU 11.3.0
-- The CXX compiler identification is GNU 11.3.0
-- Detecting C compiler ABI info
-- Detecting C compiler ABI info - done
-- Check for working C compiler: /usr/bin/cc - skipped
-- Detecting C compile features
-- Detecting C compile features - done
-- Detecting CXX compiler ABI info
-- Detecting CXX compiler ABI info - done
-- Check for working CXX compiler: /usr/bin/c++ - skipped
-- Detecting CXX compile features
-- Detecting CXX compile features - done
Katalog do zbudowanego projektu: /tmp/tmpjk6o2aa9/student/zaj4ShapeDrawing/build
 + Znaleziono nagłówki: /tmp/tmpjk6o2aa9/student/zaj4ShapeDrawing/circle.h;/tmp/tmpjk6o2aa9/student/zaj4ShapeDrawing/rectangle.h;/tmp/tmpjk6o2aa9/student/zaj4ShapeDrawing/shape.h;/tmp/tmpjk6o2aa9/student/zaj4ShapeDrawing/shapecomposite.h
 + Znaleziono źródła: /tmp/tmpjk6o2aa9/student/zaj4ShapeDrawing/circle.cpp;/tmp/tmpjk6o2aa9/student/zaj4ShapeDrawing/main.cpp;/tmp/tmpjk6o2aa9/student/zaj4ShapeDrawing/rectangle.cpp;/tmp/tmpjk6o2aa9/student/zaj4ShapeDrawing/shapecomposite.cpp
 + Znaleziono źródła bez main.cpp: /tmp/tmpjk6o2aa9/student/zaj4ShapeDrawing/circle.cpp;/tmp/tmpjk6o2aa9/student/zaj4ShapeDrawing/rectangle.cpp;/tmp/tmpjk6o2aa9/student/zaj4ShapeDrawing/shapecomposite.cpp
	* valgrind found: /usr/bin/valgrind
-- Found Python: /tmp/tmpprlyfki6/teacher/test-venv/bin/python3 (found version "3.11.0") found components: Interpreter 
-- Looking for pthread.h
-- Looking for pthread.h - found
-- Performing Test CMAKE_HAVE_LIBC_PTHREAD
-- Performing Test CMAKE_HAVE_LIBC_PTHREAD - Success
-- Found Threads: TRUE  
 + Znaleziono pliki testów: /tmp/tmpjk6o2aa9/student/zaj4ShapeDrawing/tests/shapesTests.cpp
 + katalog nagłówków: 
-- Configuring done
-- Generating done
-- Build files have been written to: /tmp/tmpjk6o2aa9/student/zaj4ShapeDrawing/build
