==175== Memcheck, a memory error detector
==175== Copyright (C) 2002-2017, and GNU GPL'd, by Julian Seward et al.
==175== Using Valgrind-3.18.1 and LibVEX; rerun with -h for copyright info
==175== Command: /tmp/tmpjk6o2aa9/student/zaj4ShapeDrawing/build//bin/tests
==175== 
Running main() from /tmp/tmpjk6o2aa9/student/zaj4ShapeDrawing/tests/lib/googletest/src/gtest_main.cc
[==========] Running 12 tests from 3 test suites.
[----------] Global test environment set-up.
[----------] 4 tests from RectangleTester
[ RUN      ] RectangleTester.constructorOfRectangleStartingInBeginningOfSystemCoordinate
[       OK ] RectangleTester.constructorOfRectangleStartingInBeginningOfSystemCoordinate (19 ms)
[ RUN      ] RectangleTester.isInMethodOfRectangleStartingInBeginningOfCoordinateSystem
[       OK ] RectangleTester.isInMethodOfRectangleStartingInBeginningOfCoordinateSystem (5 ms)
[ RUN      ] RectangleTester.isInMethodOfRectangleStartingNotInBeginningOfCoordinateSystem
[       OK ] RectangleTester.isInMethodOfRectangleStartingNotInBeginningOfCoordinateSystem (5 ms)
[ RUN      ] RectangleTester.constructorOfRectangleWithBothSitesEqualToZero
[       OK ] RectangleTester.constructorOfRectangleWithBothSitesEqualToZero (3 ms)
[----------] 4 tests from RectangleTester (45 ms total)

[----------] 4 tests from CircleTester
[ RUN      ] CircleTester.constructorOfCircleStartingInBeginningOfCoordinateSystem
[       OK ] CircleTester.constructorOfCircleStartingInBeginningOfCoordinateSystem (4 ms)
[ RUN      ] CircleTester.isInMethodOfCircleStartingInBeginningOfCoordinateSystem
[       OK ] CircleTester.isInMethodOfCircleStartingInBeginningOfCoordinateSystem (7 ms)
[ RUN      ] CircleTester.isInMethodOfCircleStartingNotInBeginningOfCoordinateSystem
[       OK ] CircleTester.isInMethodOfCircleStartingNotInBeginningOfCoordinateSystem (5 ms)
[ RUN      ] CircleTester.constructorOfCircleWithRadiusEqualToZero
[       OK ] CircleTester.constructorOfCircleWithRadiusEqualToZero (4 ms)
[----------] 4 tests from CircleTester (21 ms total)

[----------] 4 tests from ShapeCompositeTester
[ RUN      ] ShapeCompositeTester.sumOfSqhareAndCircle
[       OK ] ShapeCompositeTester.sumOfSqhareAndCircle (15 ms)
[ RUN      ] ShapeCompositeTester.intersectionOfSqhareAndCircle
[       OK ] ShapeCompositeTester.intersectionOfSqhareAndCircle (5 ms)
[ RUN      ] ShapeCompositeTester.differenceOfSqhareAndCircle
[       OK ] ShapeCompositeTester.differenceOfSqhareAndCircle (4 ms)
[ RUN      ] ShapeCompositeTester.drawingHouse
[       OK ] ShapeCompositeTester.drawingHouse (11 ms)
[----------] 4 tests from ShapeCompositeTester (37 ms total)

[----------] Global test environment tear-down
[==========] 12 tests from 3 test suites ran. (159 ms total)
[  PASSED  ] 12 tests.
==175== 
==175== HEAP SUMMARY:
==175==     in use at exit: 0 bytes in 0 blocks
==175==   total heap usage: 434 allocs, 434 frees, 137,350 bytes allocated
==175== 
==175== All heap blocks were freed -- no leaks are possible
==175== 
==175== For lists of detected and suppressed errors, rerun with: -s
==175== ERROR SUMMARY: 0 errors from 0 contexts (suppressed: 0 from 0)
